2021/07/15 10:31:45 [notice] 1#1: using the "epoll" event method
2021/07/15 10:31:45 [notice] 1#1: nginx/1.21.1
2021/07/15 10:31:45 [notice] 1#1: built by gcc 8.3.0 (Debian 8.3.0-6) 
2021/07/15 10:31:45 [notice] 1#1: OS: Linux 4.19.121-linuxkit
2021/07/15 10:31:45 [notice] 1#1: getrlimit(RLIMIT_NOFILE): 1048576:1048576
2021/07/15 10:31:45 [notice] 1#1: start worker processes
2021/07/15 10:31:45 [notice] 1#1: start worker process 22
2021/07/15 10:31:45 [notice] 1#1: start worker process 23
2021/07/15 10:31:45 [notice] 1#1: start worker process 24
2021/07/15 10:32:41 [error] 22#22: *2 open() "/var/www/hello.test/favicon.ico" failed (2: No such file or directory), client: 172.29.0.1, server: localhost, request: "GET /favicon.ico HTTP/1.1", host: "localhost:8000", referrer: "http://localhost:8000/"
2021/07/15 10:38:16 [notice] 1#1: signal 3 (SIGQUIT) received, shutting down
2021/07/15 10:38:16 [notice] 24#24: gracefully shutting down
2021/07/15 10:38:16 [notice] 23#23: gracefully shutting down
2021/07/15 10:38:16 [notice] 23#23: exiting
2021/07/15 10:38:16 [notice] 22#22: gracefully shutting down
2021/07/15 10:38:16 [notice] 22#22: exiting
2021/07/15 10:38:16 [notice] 24#24: exiting
2021/07/15 10:38:16 [notice] 23#23: exit
2021/07/15 10:38:16 [notice] 22#22: exit
2021/07/15 10:38:16 [notice] 24#24: exit
2021/07/15 10:38:16 [notice] 1#1: signal 17 (SIGCHLD) received from 22
2021/07/15 10:38:16 [notice] 1#1: worker process 22 exited with code 0
2021/07/15 10:38:16 [notice] 1#1: worker process 23 exited with code 0
2021/07/15 10:38:16 [notice] 1#1: signal 29 (SIGIO) received
2021/07/15 10:38:16 [notice] 1#1: signal 17 (SIGCHLD) received from 23
2021/07/15 10:38:16 [notice] 1#1: signal 17 (SIGCHLD) received from 24
2021/07/15 10:38:16 [notice] 1#1: worker process 24 exited with code 0
2021/07/15 10:38:16 [notice] 1#1: exit
